<?xml version="1.0" encoding="UTF-8"?>
<testng-results ignored="0" total="2" passed="2" failed="0" skipped="0">
  <reporter-output>
  </reporter-output>
  <suite started-at="2024-07-27T22:12:53 IST" name="API Automation" finished-at="2024-07-27T22:12:56 IST" duration-ms="2932">
    <groups>
    </groups>
    <test started-at="2024-07-27T22:12:53 IST" name="Test" finished-at="2024-07-27T22:12:56 IST" duration-ms="2932">
      <class name="testscripts.putAPI">
        <test-method signature="putSingleUser()[pri:1, instance:testscripts.putAPI@17046283]" started-at="2024-07-27T22:12:53 IST" name="putSingleUser" finished-at="2024-07-27T22:12:56 IST" duration-ms="2766" status="PASS">
          <reporter-output>
          </reporter-output>
        </test-method> <!-- putSingleUser -->
      </class> <!-- testscripts.putAPI -->
      <class name="testscripts.getAPI">
        <test-method signature="getUserInPageTwo()[pri:1, instance:testscripts.getAPI@2667f029]" started-at="2024-07-27T22:12:56 IST" name="getUserInPageTwo" finished-at="2024-07-27T22:12:56 IST" duration-ms="126" status="PASS">
          <reporter-output>
          </reporter-output>
        </test-method> <!-- getUserInPageTwo -->
      </class> <!-- testscripts.getAPI -->
    </test> <!-- Test -->
  </suite> <!-- API Automation -->
</testng-results>
